2021-01-06 15:21:32.414  INFO 16176 --- [main] com.example.arcGIS.ArcGisApplication     : Starting ArcGisApplication using Java 1.8.0_271 on 3J94CRDR95V8LLX with PID 16176 (C:\Users\Administrator\IdeaProjects\arcGIS\target\classes started by Administrator in C:\Users\Administrator\IdeaProjects\arcGIS)
2021-01-06 15:21:32.414  INFO 16176 --- [main] com.example.arcGIS.ArcGisApplication     : The following profiles are active: dev
2021-01-06 15:21:33.326  INFO 16176 --- [main] .s.d.r.c.RepositoryConfigurationDelegate : Bootstrapping Spring Data JDBC repositories in DEFAULT mode.
2021-01-06 15:21:33.350  INFO 16176 --- [main] .s.d.r.c.RepositoryConfigurationDelegate : Finished Spring Data repository scanning in 18 ms. Found 0 JDBC repository interfaces.
2021-01-06 15:21:34.071  INFO 16176 --- [main] o.s.b.w.embedded.tomcat.TomcatWebServer  : Tomcat initialized with port(s): 8090 (http)
2021-01-06 15:21:34.087  INFO 16176 --- [main] o.apache.catalina.core.StandardService   : Starting service [Tomcat]
2021-01-06 15:21:34.087  INFO 16176 --- [main] org.apache.catalina.core.StandardEngine  : Starting Servlet engine: [Apache Tomcat/9.0.41]
2021-01-06 15:21:34.087  INFO 16176 --- [main] o.a.catalina.core.AprLifecycleListener   : Loaded Apache Tomcat Native library [1.2.25] using APR version [1.7.0].
2021-01-06 15:21:34.087  INFO 16176 --- [main] o.a.catalina.core.AprLifecycleListener   : APR capabilities: IPv6 [true], sendfile [true], accept filters [false], random [true].
2021-01-06 15:21:34.087  INFO 16176 --- [main] o.a.catalina.core.AprLifecycleListener   : APR/OpenSSL configuration: useAprConnector [false], useOpenSSL [true]
2021-01-06 15:21:34.087  INFO 16176 --- [main] o.a.catalina.core.AprLifecycleListener   : OpenSSL successfully initialized [OpenSSL 1.1.1g  21 Apr 2020]
2021-01-06 15:21:34.275  INFO 16176 --- [main] o.a.c.c.C.[Tomcat].[localhost].[/]       : Initializing Spring embedded WebApplicationContext
2021-01-06 15:21:34.275  INFO 16176 --- [main] w.s.c.ServletWebServerApplicationContext : Root WebApplicationContext: initialization completed in 1798 ms
2021-01-06 15:21:34.931  INFO 16176 --- [main] o.s.s.concurrent.ThreadPoolTaskExecutor  : Initializing ExecutorService 'applicationTaskExecutor'
2021-01-06 15:21:35.227  INFO 16176 --- [main] com.zaxxer.hikari.HikariDataSource       : HikariPool-1 - Starting...
2021-01-06 15:21:35.477  INFO 16176 --- [main] com.zaxxer.hikari.HikariDataSource       : HikariPool-1 - Start completed.
2021-01-06 15:21:35.571  INFO 16176 --- [main] org.quartz.impl.StdSchedulerFactory      : Using default implementation for ThreadExecutor
2021-01-06 15:21:35.587  INFO 16176 --- [main] org.quartz.core.SchedulerSignalerImpl    : Initialized Scheduler Signaller of type: class org.quartz.core.SchedulerSignalerImpl
2021-01-06 15:21:35.587  INFO 16176 --- [main] org.quartz.core.QuartzScheduler          : Quartz Scheduler v.2.3.2 created.
2021-01-06 15:21:35.587  INFO 16176 --- [main] org.quartz.simpl.RAMJobStore             : RAMJobStore initialized.
2021-01-06 15:21:35.587  INFO 16176 --- [main] org.quartz.core.QuartzScheduler          : Scheduler meta-data: Quartz Scheduler (v2.3.2) 'quartzScheduler' with instanceId 'NON_CLUSTERED'
  Scheduler class: 'org.quartz.core.QuartzScheduler' - running locally.
  NOT STARTED.
  Currently in standby mode.
  Number of jobs executed: 0
  Using thread pool 'org.quartz.simpl.SimpleThreadPool' - with 10 threads.
  Using job-store 'org.quartz.simpl.RAMJobStore' - which does not support persistence. and is not clustered.

2021-01-06 15:21:35.587  INFO 16176 --- [main] org.quartz.impl.StdSchedulerFactory      : Quartz scheduler 'quartzScheduler' initialized from an externally provided properties instance.
2021-01-06 15:21:35.587  INFO 16176 --- [main] org.quartz.impl.StdSchedulerFactory      : Quartz scheduler version: 2.3.2
2021-01-06 15:21:35.587  INFO 16176 --- [main] org.quartz.core.QuartzScheduler          : JobFactory set to: org.springframework.scheduling.quartz.SpringBeanJobFactory@b6c045
2021-01-06 15:21:35.649  INFO 16176 --- [main] o.s.b.w.embedded.tomcat.TomcatWebServer  : Tomcat started on port(s): 8090 (http) with context path ''
2021-01-06 15:21:35.665  INFO 16176 --- [main] o.s.s.quartz.SchedulerFactoryBean        : Starting Quartz Scheduler now
2021-01-06 15:21:35.665  INFO 16176 --- [main] org.quartz.core.QuartzScheduler          : Scheduler quartzScheduler_$_NON_CLUSTERED started.
2021-01-06 15:21:35.665  INFO 16176 --- [main] com.example.arcGIS.ArcGisApplication     : Started ArcGisApplication in 4.019 seconds (JVM running for 5.63)
2021-01-06 15:21:44.058  INFO 16176 --- [http-nio-8090-exec-1] o.a.c.c.C.[Tomcat].[localhost].[/]       : Initializing Spring DispatcherServlet 'dispatcherServlet'
2021-01-06 15:21:44.059  INFO 16176 --- [http-nio-8090-exec-1] o.s.web.servlet.DispatcherServlet        : Initializing Servlet 'dispatcherServlet'
2021-01-06 15:21:44.060  INFO 16176 --- [http-nio-8090-exec-1] o.s.web.servlet.DispatcherServlet        : Completed initialization in 1 ms
2021-01-06 15:21:44.202  INFO 16176 --- [http-nio-8090-exec-1] c.e.arcGIS.controller.ArcGISController   : rowguid:0LzoJBzj-0G19-Ejre-HGqv-Gc78C2Xh
2021-01-06 15:21:44.281 ERROR 16176 --- [http-nio-8090-exec-1] c.e.arcGIS.controller.ArcGISController   : 同步失败 :已同步-3205820101
2021-01-06 15:22:29.832  INFO 16176 --- [SpringContextShutdownHook] org.quartz.core.QuartzScheduler          : Scheduler quartzScheduler_$_NON_CLUSTERED paused.
2021-01-06 15:22:30.435  INFO 16176 --- [SpringContextShutdownHook] o.s.s.quartz.SchedulerFactoryBean        : Shutting down Quartz Scheduler
2021-01-06 15:22:30.436  INFO 16176 --- [SpringContextShutdownHook] org.quartz.core.QuartzScheduler          : Scheduler quartzScheduler_$_NON_CLUSTERED shutting down.
2021-01-06 15:22:30.437  INFO 16176 --- [SpringContextShutdownHook] org.quartz.core.QuartzScheduler          : Scheduler quartzScheduler_$_NON_CLUSTERED paused.
2021-01-06 15:22:30.437  INFO 16176 --- [SpringContextShutdownHook] org.quartz.core.QuartzScheduler          : Scheduler quartzScheduler_$_NON_CLUSTERED shutdown complete.
2021-01-06 15:22:30.441  INFO 16176 --- [SpringContextShutdownHook] o.s.s.concurrent.ThreadPoolTaskExecutor  : Shutting down ExecutorService 'applicationTaskExecutor'
2021-01-06 15:22:30.443  INFO 16176 --- [SpringContextShutdownHook] com.zaxxer.hikari.HikariDataSource       : HikariPool-1 - Shutdown initiated...
2021-01-06 15:22:30.449  INFO 16176 --- [SpringContextShutdownHook] com.zaxxer.hikari.HikariDataSource       : HikariPool-1 - Shutdown completed.
